Analysis & Synthesis report for eda2
Fri Dec 17 11:52:00 2021
Quartus II 64-Bit Version 13.0.0 Build 156 04/24/2013 SJ Full Version


---------------------
; Table of Contents ;
---------------------
  1. Legal Notice
  2. Analysis & Synthesis Summary
  3. Analysis & Synthesis Settings
  4. Parallel Compilation
  5. Analysis & Synthesis Source Files Read
  6. Analysis & Synthesis Resource Usage Summary
  7. Analysis & Synthesis Resource Utilization by Entity
  8. State Machine - |eda2|FSM:my_FSM|state
  9. Registers Removed During Synthesis
 10. General Register Statistics
 11. Inverted Register Statistics
 12. Multiplexer Restructuring Statistics (Restructuring Performed)
 13. Parameter Settings for User Entity Instance: debounce:in_5c
 14. Parameter Settings for User Entity Instance: debounce:in_10c
 15. Parameter Settings for User Entity Instance: debounce:in_50c
 16. Parameter Settings for User Entity Instance: debounce:out_15c
 17. Parameter Settings for User Entity Instance: debounce:out_25c
 18. Parameter Settings for User Entity Instance: FSM:my_FSM
 19. Parameter Settings for User Entity Instance: calculator:my_calculator
 20. Parameter Settings for Inferred Entity Instance: gettempnumber:my_gettempnumber|lpm_divide:Div0
 21. Parameter Settings for Inferred Entity Instance: gettempnumber:my_gettempnumber|lpm_divide:Mod0
 22. Parameter Settings for Inferred Entity Instance: gettempnumber:my_gettempnumber|lpm_divide:Div1
 23. Parameter Settings for Inferred Entity Instance: gettempnumber:my_gettempnumber|lpm_divide:Mod1
 24. Parameter Settings for Inferred Entity Instance: gettempnumber:my_gettempnumber|lpm_divide:Mod2
 25. Port Connectivity Checks: "numbertranslator:my_numbertranslator"
 26. Port Connectivity Checks: "gettempnumber:my_gettempnumber"
 27. Elapsed Time Per Partition
 28. Analysis & Synthesis Messages
 29. Analysis & Synthesis Suppressed Messages



----------------
; Legal Notice ;
----------------
Copyright (C) 1991-2013 Altera Corporation
Your use of Altera Corporation's design tools, logic functions 
and other software and tools, and its AMPP partner logic 
functions, and any output files from any of the foregoing 
(including device programming or simulation files), and any 
associated documentation or information are expressly subject 
to the terms and conditions of the Altera Program License 
Subscription Agreement, Altera MegaCore Function License 
Agreement, or other applicable license agreement, including, 
without limitation, that your use is for the sole purpose of 
programming logic devices manufactured by Altera and sold by 
Altera or its authorized distributors.  Please refer to the 
applicable agreement for further details.



+----------------------------------------------------------------------------------+
; Analysis & Synthesis Summary                                                     ;
+------------------------------------+---------------------------------------------+
; Analysis & Synthesis Status        ; Successful - Fri Dec 17 11:52:00 2021       ;
; Quartus II 64-Bit Version          ; 13.0.0 Build 156 04/24/2013 SJ Full Version ;
; Revision Name                      ; eda2                                        ;
; Top-level Entity Name              ; eda2                                        ;
; Family                             ; Cyclone III                                 ;
; Total logic elements               ; 572                                         ;
;     Total combinational functions  ; 572                                         ;
;     Dedicated logic registers      ; 96                                          ;
; Total registers                    ; 96                                          ;
; Total pins                         ; 23                                          ;
; Total virtual pins                 ; 0                                           ;
; Total memory bits                  ; 0                                           ;
; Embedded Multiplier 9-bit elements ; 0                                           ;
; Total PLLs                         ; 0                                           ;
+------------------------------------+---------------------------------------------+


+----------------------------------------------------------------------------------------------------------------------+
; Analysis & Synthesis Settings                                                                                        ;
+----------------------------------------------------------------------------+--------------------+--------------------+
; Option                                                                     ; Setting            ; Default Value      ;
+----------------------------------------------------------------------------+--------------------+--------------------+
; Device                                                                     ; EP3C16Q240C8       ;                    ;
; Top-level entity name                                                      ; eda2               ; eda2               ;
; Family name                                                                ; Cyclone III        ; Cyclone IV GX      ;
; Use smart compilation                                                      ; Off                ; Off                ;
; Enable parallel Assembler and TimeQuest Timing Analyzer during compilation ; On                 ; On                 ;
; Enable compact report table                                                ; Off                ; Off                ;
; Restructure Multiplexers                                                   ; Auto               ; Auto               ;
; Create Debugging Nodes for IP Cores                                        ; Off                ; Off                ;
; Preserve fewer node names                                                  ; On                 ; On                 ;
; Disable OpenCore Plus hardware evaluation                                  ; Off                ; Off                ;
; Verilog Version                                                            ; Verilog_2001       ; Verilog_2001       ;
; VHDL Version                                                               ; VHDL_1993          ; VHDL_1993          ;
; State Machine Processing                                                   ; Auto               ; Auto               ;
; Safe State Machine                                                         ; Off                ; Off                ;
; Extract Verilog State Machines                                             ; On                 ; On                 ;
; Extract VHDL State Machines                                                ; On                 ; On                 ;
; Ignore Verilog initial constructs                                          ; Off                ; Off                ;
; Iteration limit for constant Verilog loops                                 ; 5000               ; 5000               ;
; Iteration limit for non-constant Verilog loops                             ; 250                ; 250                ;
; Add Pass-Through Logic to Inferred RAMs                                    ; On                 ; On                 ;
; Infer RAMs from Raw Logic                                                  ; On                 ; On                 ;
; Parallel Synthesis                                                         ; On                 ; On                 ;
; DSP Block Balancing                                                        ; Auto               ; Auto               ;
; NOT Gate Push-Back                                                         ; On                 ; On                 ;
; Power-Up Don't Care                                                        ; On                 ; On                 ;
; Remove Redundant Logic Cells                                               ; Off                ; Off                ;
; Remove Duplicate Registers                                                 ; On                 ; On                 ;
; Ignore CARRY Buffers                                                       ; Off                ; Off                ;
; Ignore CASCADE Buffers                                                     ; Off                ; Off                ;
; Ignore GLOBAL Buffers                                                      ; Off                ; Off                ;
; Ignore ROW GLOBAL Buffers                                                  ; Off                ; Off                ;
; Ignore LCELL Buffers                                                       ; Off                ; Off                ;
; Ignore SOFT Buffers                                                        ; On                 ; On                 ;
; Limit AHDL Integers to 32 Bits                                             ; Off                ; Off                ;
; Optimization Technique                                                     ; Balanced           ; Balanced           ;
; Carry Chain Length                                                         ; 70                 ; 70                 ;
; Auto Carry Chains                                                          ; On                 ; On                 ;
; Auto Open-Drain Pins                                                       ; On                 ; On                 ;
; Perform WYSIWYG Primitive Resynthesis                                      ; Off                ; Off                ;
; Auto ROM Replacement                                                       ; On                 ; On                 ;
; Auto RAM Replacement                                                       ; On                 ; On                 ;
; Auto DSP Block Replacement                                                 ; On                 ; On                 ;
; Auto Shift Register Replacement                                            ; Auto               ; Auto               ;
; Allow Shift Register Merging across Hierarchies                            ; Auto               ; Auto               ;
; Auto Clock Enable Replacement                                              ; On                 ; On                 ;
; Strict RAM Replacement                                                     ; Off                ; Off                ;
; Allow Synchronous Control Signals                                          ; On                 ; On                 ;
; Force Use of Synchronous Clear Signals                                     ; Off                ; Off                ;
; Auto RAM Block Balancing                                                   ; On                 ; On                 ;
; Auto RAM to Logic Cell Conversion                                          ; Off                ; Off                ;
; Auto Resource Sharing                                                      ; Off                ; Off                ;
; Allow Any RAM Size For Recognition                                         ; Off                ; Off                ;
; Allow Any ROM Size For Recognition                                         ; Off                ; Off                ;
; Allow Any Shift Register Size For Recognition                              ; Off                ; Off                ;
; Use LogicLock Constraints during Resource Balancing                        ; On                 ; On                 ;
; Ignore translate_off and synthesis_off directives                          ; Off                ; Off                ;
; Timing-Driven Synthesis                                                    ; On                 ; On                 ;
; Report Parameter Settings                                                  ; On                 ; On                 ;
; Report Source Assignments                                                  ; On                 ; On                 ;
; Report Connectivity Checks                                                 ; On                 ; On                 ;
; Ignore Maximum Fan-Out Assignments                                         ; Off                ; Off                ;
; Synchronization Register Chain Length                                      ; 2                  ; 2                  ;
; PowerPlay Power Optimization                                               ; Normal compilation ; Normal compilation ;
; HDL message level                                                          ; Level2             ; Level2             ;
; Suppress Register Optimization Related Messages                            ; Off                ; Off                ;
; Number of Removed Registers Reported in Synthesis Report                   ; 5000               ; 5000               ;
; Number of Swept Nodes Reported in Synthesis Report                         ; 5000               ; 5000               ;
; Number of Inverted Registers Reported in Synthesis Report                  ; 100                ; 100                ;
; Clock MUX Protection                                                       ; On                 ; On                 ;
; Auto Gated Clock Conversion                                                ; Off                ; Off                ;
; Block Design Naming                                                        ; Auto               ; Auto               ;
; SDC constraint protection                                                  ; Off                ; Off                ;
; Synthesis Effort                                                           ; Auto               ; Auto               ;
; Shift Register Replacement - Allow Asynchronous Clear Signal               ; On                 ; On                 ;
; Pre-Mapping Resynthesis Optimization                                       ; Off                ; Off                ;
; Analysis & Synthesis Message Level                                         ; Medium             ; Medium             ;
; Disable Register Merging Across Hierarchies                                ; Auto               ; Auto               ;
; Resource Aware Inference For Block RAM                                     ; On                 ; On                 ;
; Synthesis Seed                                                             ; 1                  ; 1                  ;
+----------------------------------------------------------------------------+--------------------+--------------------+


+------------------------------------------+
; Parallel Compilation                     ;
+----------------------------+-------------+
; Processors                 ; Number      ;
+----------------------------+-------------+
; Number detected on machine ; 12          ;
; Maximum allowed            ; 6           ;
;                            ;             ;
; Average used               ; 1.00        ;
; Maximum used               ; 1           ;
;                            ;             ;
; Usage by Processor         ; % Time Used ;
;     Processor 1            ; 100.0%      ;
;     Processors 2-12        ;   0.0%      ;
+----------------------------+-------------+


+------------------------------------------------------------------------------------------------------------------------------------------------------------------+
; Analysis & Synthesis Source Files Read                                                                                                                           ;
+----------------------------------+-----------------+------------------------------+--------------------------------------------------------------------+---------+
; File Name with User-Entered Path ; Used in Netlist ; File Type                    ; File Name with Absolute Path                                       ; Library ;
+----------------------------------+-----------------+------------------------------+--------------------------------------------------------------------+---------+
; eda2.v                           ; yes             ; User Verilog HDL File        ; C:/Users/Xsu1023/Desktop/eda2_/eda2.v                              ;         ;
; lpm_divide.tdf                   ; yes             ; Megafunction                 ; c:/altera/13.0/quartus/libraries/megafunctions/lpm_divide.tdf      ;         ;
; abs_divider.inc                  ; yes             ; Megafunction                 ; c:/altera/13.0/quartus/libraries/megafunctions/abs_divider.inc     ;         ;
; sign_div_unsign.inc              ; yes             ; Megafunction                 ; c:/altera/13.0/quartus/libraries/megafunctions/sign_div_unsign.inc ;         ;
; aglobal130.inc                   ; yes             ; Megafunction                 ; c:/altera/13.0/quartus/libraries/megafunctions/aglobal130.inc      ;         ;
; db/lpm_divide_mhm.tdf            ; yes             ; Auto-Generated Megafunction  ; C:/Users/Xsu1023/Desktop/eda2_/db/lpm_divide_mhm.tdf               ;         ;
; db/sign_div_unsign_nlh.tdf       ; yes             ; Auto-Generated Megafunction  ; C:/Users/Xsu1023/Desktop/eda2_/db/sign_div_unsign_nlh.tdf          ;         ;
; db/alt_u_div_p5f.tdf             ; yes             ; Auto-Generated Megafunction  ; C:/Users/Xsu1023/Desktop/eda2_/db/alt_u_div_p5f.tdf                ;         ;
; db/add_sub_unc.tdf               ; yes             ; Auto-Generated Megafunction  ; C:/Users/Xsu1023/Desktop/eda2_/db/add_sub_unc.tdf                  ;         ;
; db/add_sub_vnc.tdf               ; yes             ; Auto-Generated Megafunction  ; C:/Users/Xsu1023/Desktop/eda2_/db/add_sub_vnc.tdf                  ;         ;
; db/lpm_divide_m9m.tdf            ; yes             ; Auto-Generated Megafunction  ; C:/Users/Xsu1023/Desktop/eda2_/db/lpm_divide_m9m.tdf               ;         ;
; db/sign_div_unsign_klh.tdf       ; yes             ; Auto-Generated Megafunction  ; C:/Users/Xsu1023/Desktop/eda2_/db/sign_div_unsign_klh.tdf          ;         ;
; db/alt_u_div_j5f.tdf             ; yes             ; Auto-Generated Megafunction  ; C:/Users/Xsu1023/Desktop/eda2_/db/alt_u_div_j5f.tdf                ;         ;
; db/lpm_divide_jhm.tdf            ; yes             ; Auto-Generated Megafunction  ; C:/Users/Xsu1023/Desktop/eda2_/db/lpm_divide_jhm.tdf               ;         ;
+----------------------------------+-----------------+------------------------------+--------------------------------------------------------------------+---------+


+-----------------------------------------------------------+
; Analysis & Synthesis Resource Usage Summary               ;
+---------------------------------------------+-------------+
; Resource                                    ; Usage       ;
+---------------------------------------------+-------------+
; Estimated Total logic elements              ; 572         ;
;                                             ;             ;
; Total combinational functions               ; 572         ;
; Logic element usage by number of LUT inputs ;             ;
;     -- 4 input functions                    ; 158         ;
;     -- 3 input functions                    ; 109         ;
;     -- <=2 input functions                  ; 305         ;
;                                             ;             ;
; Logic elements by mode                      ;             ;
;     -- normal mode                          ; 375         ;
;     -- arithmetic mode                      ; 197         ;
;                                             ;             ;
; Total registers                             ; 96          ;
;     -- Dedicated logic registers            ; 96          ;
;     -- I/O registers                        ; 0           ;
;                                             ;             ;
; I/O pins                                    ; 23          ;
; Embedded Multiplier 9-bit elements          ; 0           ;
; Maximum fan-out node                        ; reset~input ;
; Maximum fan-out                             ; 85          ;
; Total fan-out                               ; 1908        ;
; Average fan-out                             ; 2.67        ;
+---------------------------------------------+-------------+


+-------------------------------------------------------------------------------------------------------------------------------------------------------------------------------------------------------------------------------------------------------------------------------------------------------------+
; Analysis & Synthesis Resource Utilization by Entity                                                                                                                                                                                                                                                         ;
+-------------------------------------------+-------------------+--------------+-------------+--------------+---------+-----------+------+--------------+--------------------------------------------------------------------------------------------------------------------------------------+--------------+
; Compilation Hierarchy Node                ; LC Combinationals ; LC Registers ; Memory Bits ; DSP Elements ; DSP 9x9 ; DSP 18x18 ; Pins ; Virtual Pins ; Full Hierarchy Name                                                                                                                  ; Library Name ;
+-------------------------------------------+-------------------+--------------+-------------+--------------+---------+-----------+------+--------------+--------------------------------------------------------------------------------------------------------------------------------------+--------------+
; |eda2                                     ; 572 (0)           ; 96 (0)       ; 0           ; 0            ; 0       ; 0         ; 23   ; 0            ; |eda2                                                                                                                                ;              ;
;    |FSM:my_FSM|                           ; 14 (14)           ; 6 (6)        ; 0           ; 0            ; 0       ; 0         ; 0    ; 0            ; |eda2|FSM:my_FSM                                                                                                                     ;              ;
;    |calculator:my_calculator|             ; 138 (138)         ; 22 (22)      ; 0           ; 0            ; 0       ; 0         ; 0    ; 0            ; |eda2|calculator:my_calculator                                                                                                       ;              ;
;    |clock:my_clock|                       ; 16 (16)           ; 16 (16)      ; 0           ; 0            ; 0       ; 0         ; 0    ; 0            ; |eda2|clock:my_clock                                                                                                                 ;              ;
;    |counter:my_counter|                   ; 2 (2)             ; 2 (2)        ; 0           ; 0            ; 0       ; 0         ; 0    ; 0            ; |eda2|counter:my_counter                                                                                                             ;              ;
;    |debounce:in_10c|                      ; 17 (17)           ; 10 (10)      ; 0           ; 0            ; 0       ; 0         ; 0    ; 0            ; |eda2|debounce:in_10c                                                                                                                ;              ;
;    |debounce:in_50c|                      ; 17 (17)           ; 10 (10)      ; 0           ; 0            ; 0       ; 0         ; 0    ; 0            ; |eda2|debounce:in_50c                                                                                                                ;              ;
;    |debounce:in_5c|                       ; 17 (17)           ; 10 (10)      ; 0           ; 0            ; 0       ; 0         ; 0    ; 0            ; |eda2|debounce:in_5c                                                                                                                 ;              ;
;    |debounce:out_15c|                     ; 17 (17)           ; 10 (10)      ; 0           ; 0            ; 0       ; 0         ; 0    ; 0            ; |eda2|debounce:out_15c                                                                                                               ;              ;
;    |debounce:out_25c|                     ; 17 (17)           ; 10 (10)      ; 0           ; 0            ; 0       ; 0         ; 0    ; 0            ; |eda2|debounce:out_25c                                                                                                               ;              ;
;    |gettempnumber:my_gettempnumber|       ; 307 (20)          ; 0 (0)        ; 0           ; 0            ; 0       ; 0         ; 0    ; 0            ; |eda2|gettempnumber:my_gettempnumber                                                                                                 ;              ;
;       |lpm_divide:Div0|                   ; 69 (0)            ; 0 (0)        ; 0           ; 0            ; 0       ; 0         ; 0    ; 0            ; |eda2|gettempnumber:my_gettempnumber|lpm_divide:Div0                                                                                 ;              ;
;          |lpm_divide_mhm:auto_generated|  ; 69 (0)            ; 0 (0)        ; 0           ; 0            ; 0       ; 0         ; 0    ; 0            ; |eda2|gettempnumber:my_gettempnumber|lpm_divide:Div0|lpm_divide_mhm:auto_generated                                                   ;              ;
;             |sign_div_unsign_nlh:divider| ; 69 (0)            ; 0 (0)        ; 0           ; 0            ; 0       ; 0         ; 0    ; 0            ; |eda2|gettempnumber:my_gettempnumber|lpm_divide:Div0|lpm_divide_mhm:auto_generated|sign_div_unsign_nlh:divider                       ;              ;
;                |alt_u_div_p5f:divider|    ; 69 (69)           ; 0 (0)        ; 0           ; 0            ; 0       ; 0         ; 0    ; 0            ; |eda2|gettempnumber:my_gettempnumber|lpm_divide:Div0|lpm_divide_mhm:auto_generated|sign_div_unsign_nlh:divider|alt_u_div_p5f:divider ;              ;
;       |lpm_divide:Div1|                   ; 82 (0)            ; 0 (0)        ; 0           ; 0            ; 0       ; 0         ; 0    ; 0            ; |eda2|gettempnumber:my_gettempnumber|lpm_divide:Div1                                                                                 ;              ;
;          |lpm_divide_jhm:auto_generated|  ; 82 (0)            ; 0 (0)        ; 0           ; 0            ; 0       ; 0         ; 0    ; 0            ; |eda2|gettempnumber:my_gettempnumber|lpm_divide:Div1|lpm_divide_jhm:auto_generated                                                   ;              ;
;             |sign_div_unsign_klh:divider| ; 82 (0)            ; 0 (0)        ; 0           ; 0            ; 0       ; 0         ; 0    ; 0            ; |eda2|gettempnumber:my_gettempnumber|lpm_divide:Div1|lpm_divide_jhm:auto_generated|sign_div_unsign_klh:divider                       ;              ;
;                |alt_u_div_j5f:divider|    ; 82 (82)           ; 0 (0)        ; 0           ; 0            ; 0       ; 0         ; 0    ; 0            ; |eda2|gettempnumber:my_gettempnumber|lpm_divide:Div1|lpm_divide_jhm:auto_generated|sign_div_unsign_klh:divider|alt_u_div_j5f:divider ;              ;
;       |lpm_divide:Mod0|                   ; 6 (0)             ; 0 (0)        ; 0           ; 0            ; 0       ; 0         ; 0    ; 0            ; |eda2|gettempnumber:my_gettempnumber|lpm_divide:Mod0                                                                                 ;              ;
;          |lpm_divide_m9m:auto_generated|  ; 6 (0)             ; 0 (0)        ; 0           ; 0            ; 0       ; 0         ; 0    ; 0            ; |eda2|gettempnumber:my_gettempnumber|lpm_divide:Mod0|lpm_divide_m9m:auto_generated                                                   ;              ;
;             |sign_div_unsign_klh:divider| ; 6 (0)             ; 0 (0)        ; 0           ; 0            ; 0       ; 0         ; 0    ; 0            ; |eda2|gettempnumber:my_gettempnumber|lpm_divide:Mod0|lpm_divide_m9m:auto_generated|sign_div_unsign_klh:divider                       ;              ;
;                |alt_u_div_j5f:divider|    ; 6 (6)             ; 0 (0)        ; 0           ; 0            ; 0       ; 0         ; 0    ; 0            ; |eda2|gettempnumber:my_gettempnumber|lpm_divide:Mod0|lpm_divide_m9m:auto_generated|sign_div_unsign_klh:divider|alt_u_div_j5f:divider ;              ;
;       |lpm_divide:Mod1|                   ; 48 (0)            ; 0 (0)        ; 0           ; 0            ; 0       ; 0         ; 0    ; 0            ; |eda2|gettempnumber:my_gettempnumber|lpm_divide:Mod1                                                                                 ;              ;
;          |lpm_divide_m9m:auto_generated|  ; 48 (0)            ; 0 (0)        ; 0           ; 0            ; 0       ; 0         ; 0    ; 0            ; |eda2|gettempnumber:my_gettempnumber|lpm_divide:Mod1|lpm_divide_m9m:auto_generated                                                   ;              ;
;             |sign_div_unsign_klh:divider| ; 48 (0)            ; 0 (0)        ; 0           ; 0            ; 0       ; 0         ; 0    ; 0            ; |eda2|gettempnumber:my_gettempnumber|lpm_divide:Mod1|lpm_divide_m9m:auto_generated|sign_div_unsign_klh:divider                       ;              ;
;                |alt_u_div_j5f:divider|    ; 48 (48)           ; 0 (0)        ; 0           ; 0            ; 0       ; 0         ; 0    ; 0            ; |eda2|gettempnumber:my_gettempnumber|lpm_divide:Mod1|lpm_divide_m9m:auto_generated|sign_div_unsign_klh:divider|alt_u_div_j5f:divider ;              ;
;       |lpm_divide:Mod2|                   ; 82 (0)            ; 0 (0)        ; 0           ; 0            ; 0       ; 0         ; 0    ; 0            ; |eda2|gettempnumber:my_gettempnumber|lpm_divide:Mod2                                                                                 ;              ;
;          |lpm_divide_m9m:auto_generated|  ; 82 (0)            ; 0 (0)        ; 0           ; 0            ; 0       ; 0         ; 0    ; 0            ; |eda2|gettempnumber:my_gettempnumber|lpm_divide:Mod2|lpm_divide_m9m:auto_generated                                                   ;              ;
;             |sign_div_unsign_klh:divider| ; 82 (0)            ; 0 (0)        ; 0           ; 0            ; 0       ; 0         ; 0    ; 0            ; |eda2|gettempnumber:my_gettempnumber|lpm_divide:Mod2|lpm_divide_m9m:auto_generated|sign_div_unsign_klh:divider                       ;              ;
;                |alt_u_div_j5f:divider|    ; 82 (82)           ; 0 (0)        ; 0           ; 0            ; 0       ; 0         ; 0    ; 0            ; |eda2|gettempnumber:my_gettempnumber|lpm_divide:Mod2|lpm_divide_m9m:auto_generated|sign_div_unsign_klh:divider|alt_u_div_j5f:divider ;              ;
;    |numbertranslator:my_numbertranslator| ; 7 (7)             ; 0 (0)        ; 0           ; 0            ; 0       ; 0         ; 0    ; 0            ; |eda2|numbertranslator:my_numbertranslator                                                                                           ;              ;
;    |segtranslator:my_segtranslator|       ; 3 (3)             ; 0 (0)        ; 0           ; 0            ; 0       ; 0         ; 0    ; 0            ; |eda2|segtranslator:my_segtranslator                                                                                                 ;              ;
+-------------------------------------------+-------------------+--------------+-------------+--------------+---------+-----------+------+--------------+--------------------------------------------------------------------------------------------------------------------------------------+--------------+
Note: For table entries with two numbers listed, the numbers in parentheses indicate the number of resources of the given type used by the specific entity alone. The numbers listed outside of parentheses indicate the total resources of the given type used by the specific entity and all of its sub-entities in the hierarchy.


Encoding Type:  One-Hot
+----------------------------------------------------------------------------------------------------------+
; State Machine - |eda2|FSM:my_FSM|state                                                                   ;
+---------------+---------------+---------------+---------------+---------------+--------------+-----------+
; Name          ; state.BUY_25c ; state.BUY_15c ; state.GOT_50c ; state.GOT_10c ; state.GOT_5c ; state.000 ;
+---------------+---------------+---------------+---------------+---------------+--------------+-----------+
; state.000     ; 0             ; 0             ; 0             ; 0             ; 0            ; 0         ;
; state.GOT_5c  ; 0             ; 0             ; 0             ; 0             ; 1            ; 1         ;
; state.GOT_10c ; 0             ; 0             ; 0             ; 1             ; 0            ; 1         ;
; state.GOT_50c ; 0             ; 0             ; 1             ; 0             ; 0            ; 1         ;
; state.BUY_15c ; 0             ; 1             ; 0             ; 0             ; 0            ; 1         ;
; state.BUY_25c ; 1             ; 0             ; 0             ; 0             ; 0            ; 1         ;
+---------------+---------------+---------------+---------------+---------------+--------------+-----------+


+-------------------------------------------------------------+
; Registers Removed During Synthesis                          ;
+----------------------------------------+--------------------+
; Register name                          ; Reason for Removal ;
+----------------------------------------+--------------------+
; FSM:my_FSM|state~4                     ; Lost fanout        ;
; FSM:my_FSM|state~5                     ; Lost fanout        ;
; FSM:my_FSM|state~6                     ; Lost fanout        ;
; clock:my_clock|count[16..30]           ; Lost fanout        ;
; Total Number of Removed Registers = 18 ;                    ;
+----------------------------------------+--------------------+


+------------------------------------------------------+
; General Register Statistics                          ;
+----------------------------------------------+-------+
; Statistic                                    ; Value ;
+----------------------------------------------+-------+
; Total registers                              ; 96    ;
; Number of registers using Synchronous Clear  ; 49    ;
; Number of registers using Synchronous Load   ; 0     ;
; Number of registers using Asynchronous Clear ; 69    ;
; Number of registers using Asynchronous Load  ; 0     ;
; Number of registers using Clock Enable       ; 60    ;
; Number of registers using Preset             ; 0     ;
+----------------------------------------------+-------+


+--------------------------------------------------+
; Inverted Register Statistics                     ;
+----------------------------------------+---------+
; Inverted Register                      ; Fan out ;
+----------------------------------------+---------+
; calculator:my_calculator|clear         ; 2       ;
; Total number of inverted registers = 1 ;         ;
+----------------------------------------+---------+


+---------------------------------------------------------------------------------------------------------------------------------------------------------+
; Multiplexer Restructuring Statistics (Restructuring Performed)                                                                                          ;
+--------------------+-----------+---------------+----------------------+------------------------+------------+-------------------------------------------+
; Multiplexer Inputs ; Bus Width ; Baseline Area ; Area if Restructured ; Saving if Restructured ; Registered ; Example Multiplexer Output                ;
+--------------------+-----------+---------------+----------------------+------------------------+------------+-------------------------------------------+
; 3:1                ; 8 bits    ; 16 LEs        ; 8 LEs                ; 8 LEs                  ; Yes        ; |eda2|debounce:out_25c|count[5]           ;
; 3:1                ; 8 bits    ; 16 LEs        ; 8 LEs                ; 8 LEs                  ; Yes        ; |eda2|debounce:out_15c|count[2]           ;
; 3:1                ; 8 bits    ; 16 LEs        ; 8 LEs                ; 8 LEs                  ; Yes        ; |eda2|debounce:in_50c|count[0]            ;
; 3:1                ; 8 bits    ; 16 LEs        ; 8 LEs                ; 8 LEs                  ; Yes        ; |eda2|debounce:in_10c|count[0]            ;
; 3:1                ; 8 bits    ; 16 LEs        ; 8 LEs                ; 8 LEs                  ; Yes        ; |eda2|debounce:in_5c|count[2]             ;
; 4:1                ; 9 bits    ; 18 LEs        ; 9 LEs                ; 9 LEs                  ; Yes        ; |eda2|calculator:my_calculator|count[3]   ;
; 13:1               ; 9 bits    ; 72 LEs        ; 27 LEs               ; 45 LEs                 ; Yes        ; |eda2|calculator:my_calculator|sum[4]     ;
; 4:1                ; 4 bits    ; 8 LEs         ; 8 LEs                ; 0 LEs                  ; No         ; |eda2|gettempnumber:my_gettempnumber|Mux1 ;
+--------------------+-----------+---------------+----------------------+------------------------+------------+-------------------------------------------+


+-------------------------------------------------------------+
; Parameter Settings for User Entity Instance: debounce:in_5c ;
+----------------+-------+------------------------------------+
; Parameter Name ; Value ; Type                               ;
+----------------+-------+------------------------------------+
; DELAY          ; 50    ; Signed Integer                     ;
+----------------+-------+------------------------------------+
Note: In order to hide this table in the UI and the text report file, please set the "Show Parameter Settings in Synthesis Report" option in "Analysis and Synthesis Settings -> More Settings" to "Off".


+--------------------------------------------------------------+
; Parameter Settings for User Entity Instance: debounce:in_10c ;
+----------------+-------+-------------------------------------+
; Parameter Name ; Value ; Type                                ;
+----------------+-------+-------------------------------------+
; DELAY          ; 50    ; Signed Integer                      ;
+----------------+-------+-------------------------------------+
Note: In order to hide this table in the UI and the text report file, please set the "Show Parameter Settings in Synthesis Report" option in "Analysis and Synthesis Settings -> More Settings" to "Off".


+--------------------------------------------------------------+
; Parameter Settings for User Entity Instance: debounce:in_50c ;
+----------------+-------+-------------------------------------+
; Parameter Name ; Value ; Type                                ;
+----------------+-------+-------------------------------------+
; DELAY          ; 50    ; Signed Integer                      ;
+----------------+-------+-------------------------------------+
Note: In order to hide this table in the UI and the text report file, please set the "Show Parameter Settings in Synthesis Report" option in "Analysis and Synthesis Settings -> More Settings" to "Off".


+---------------------------------------------------------------+
; Parameter Settings for User Entity Instance: debounce:out_15c ;
+----------------+-------+--------------------------------------+
; Parameter Name ; Value ; Type                                 ;
+----------------+-------+--------------------------------------+
; DELAY          ; 50    ; Signed Integer                       ;
+----------------+-------+--------------------------------------+
Note: In order to hide this table in the UI and the text report file, please set the "Show Parameter Settings in Synthesis Report" option in "Analysis and Synthesis Settings -> More Settings" to "Off".


+---------------------------------------------------------------+
; Parameter Settings for User Entity Instance: debounce:out_25c ;
+----------------+-------+--------------------------------------+
; Parameter Name ; Value ; Type                                 ;
+----------------+-------+--------------------------------------+
; DELAY          ; 50    ; Signed Integer                       ;
+----------------+-------+--------------------------------------+
Note: In order to hide this table in the UI and the text report file, please set the "Show Parameter Settings in Synthesis Report" option in "Analysis and Synthesis Settings -> More Settings" to "Off".


+---------------------------------------------------------+
; Parameter Settings for User Entity Instance: FSM:my_FSM ;
+----------------+-------+--------------------------------+
; Parameter Name ; Value ; Type                           ;
+----------------+-------+--------------------------------+
; GOT_WAITING    ; 0     ; Signed Integer                 ;
; GOT_5c         ; 1     ; Signed Integer                 ;
; GOT_10c        ; 2     ; Signed Integer                 ;
; GOT_50c        ; 3     ; Signed Integer                 ;
; BUY_15c        ; 4     ; Signed Integer                 ;
; BUY_25c        ; 5     ; Signed Integer                 ;
+----------------+-------+--------------------------------+
Note: In order to hide this table in the UI and the text report file, please set the "Show Parameter Settings in Synthesis Report" option in "Analysis and Synthesis Settings -> More Settings" to "Off".


+-----------------------------------------------------------------------+
; Parameter Settings for User Entity Instance: calculator:my_calculator ;
+----------------+-------+----------------------------------------------+
; Parameter Name ; Value ; Type                                         ;
+----------------+-------+----------------------------------------------+
; GOT_WAITING    ; 0     ; Signed Integer                               ;
; GOT_5c         ; 1     ; Signed Integer                               ;
; GOT_10c        ; 2     ; Signed Integer                               ;
; GOT_50c        ; 3     ; Signed Integer                               ;
; BUY_15c        ; 4     ; Signed Integer                               ;
; BUY_25c        ; 5     ; Signed Integer                               ;
+----------------+-------+----------------------------------------------+
Note: In order to hide this table in the UI and the text report file, please set the "Show Parameter Settings in Synthesis Report" option in "Analysis and Synthesis Settings -> More Settings" to "Off".


+-------------------------------------------------------------------------------------------------+
; Parameter Settings for Inferred Entity Instance: gettempnumber:my_gettempnumber|lpm_divide:Div0 ;
+------------------------+----------------+-------------------------------------------------------+
; Parameter Name         ; Value          ; Type                                                  ;
+------------------------+----------------+-------------------------------------------------------+
; LPM_WIDTHN             ; 10             ; Untyped                                               ;
; LPM_WIDTHD             ; 7              ; Untyped                                               ;
; LPM_NREPRESENTATION    ; UNSIGNED       ; Untyped                                               ;
; LPM_DREPRESENTATION    ; UNSIGNED       ; Untyped                                               ;
; LPM_PIPELINE           ; 0              ; Untyped                                               ;
; LPM_REMAINDERPOSITIVE  ; TRUE           ; Untyped                                               ;
; MAXIMIZE_SPEED         ; 5              ; Untyped                                               ;
; CBXI_PARAMETER         ; lpm_divide_mhm ; Untyped                                               ;
; CARRY_CHAIN            ; MANUAL         ; Untyped                                               ;
; OPTIMIZE_FOR_SPEED     ; 5              ; Untyped                                               ;
; AUTO_CARRY_CHAINS      ; ON             ; AUTO_CARRY                                            ;
; IGNORE_CARRY_BUFFERS   ; OFF            ; IGNORE_CARRY                                          ;
; AUTO_CASCADE_CHAINS    ; ON             ; AUTO_CASCADE                                          ;
; IGNORE_CASCADE_BUFFERS ; OFF            ; IGNORE_CASCADE                                        ;
+------------------------+----------------+-------------------------------------------------------+
Note: In order to hide this table in the UI and the text report file, please set the "Show Parameter Settings in Synthesis Report" option in "Analysis and Synthesis Settings -> More Settings" to "Off".


+-------------------------------------------------------------------------------------------------+
; Parameter Settings for Inferred Entity Instance: gettempnumber:my_gettempnumber|lpm_divide:Mod0 ;
+------------------------+----------------+-------------------------------------------------------+
; Parameter Name         ; Value          ; Type                                                  ;
+------------------------+----------------+-------------------------------------------------------+
; LPM_WIDTHN             ; 10             ; Untyped                                               ;
; LPM_WIDTHD             ; 4              ; Untyped                                               ;
; LPM_NREPRESENTATION    ; UNSIGNED       ; Untyped                                               ;
; LPM_DREPRESENTATION    ; UNSIGNED       ; Untyped                                               ;
; LPM_PIPELINE           ; 0              ; Untyped                                               ;
; LPM_REMAINDERPOSITIVE  ; TRUE           ; Untyped                                               ;
; MAXIMIZE_SPEED         ; 5              ; Untyped                                               ;
; CBXI_PARAMETER         ; lpm_divide_m9m ; Untyped                                               ;
; CARRY_CHAIN            ; MANUAL         ; Untyped                                               ;
; OPTIMIZE_FOR_SPEED     ; 5              ; Untyped                                               ;
; AUTO_CARRY_CHAINS      ; ON             ; AUTO_CARRY                                            ;
; IGNORE_CARRY_BUFFERS   ; OFF            ; IGNORE_CARRY                                          ;
; AUTO_CASCADE_CHAINS    ; ON             ; AUTO_CASCADE                                          ;
; IGNORE_CASCADE_BUFFERS ; OFF            ; IGNORE_CASCADE                                        ;
+------------------------+----------------+-------------------------------------------------------+
Note: In order to hide this table in the UI and the text report file, please set the "Show Parameter Settings in Synthesis Report" option in "Analysis and Synthesis Settings -> More Settings" to "Off".


+-------------------------------------------------------------------------------------------------+
; Parameter Settings for Inferred Entity Instance: gettempnumber:my_gettempnumber|lpm_divide:Div1 ;
+------------------------+----------------+-------------------------------------------------------+
; Parameter Name         ; Value          ; Type                                                  ;
+------------------------+----------------+-------------------------------------------------------+
; LPM_WIDTHN             ; 10             ; Untyped                                               ;
; LPM_WIDTHD             ; 4              ; Untyped                                               ;
; LPM_NREPRESENTATION    ; UNSIGNED       ; Untyped                                               ;
; LPM_DREPRESENTATION    ; UNSIGNED       ; Untyped                                               ;
; LPM_PIPELINE           ; 0              ; Untyped                                               ;
; LPM_REMAINDERPOSITIVE  ; TRUE           ; Untyped                                               ;
; MAXIMIZE_SPEED         ; 5              ; Untyped                                               ;
; CBXI_PARAMETER         ; lpm_divide_jhm ; Untyped                                               ;
; CARRY_CHAIN            ; MANUAL         ; Untyped                                               ;
; OPTIMIZE_FOR_SPEED     ; 5              ; Untyped                                               ;
; AUTO_CARRY_CHAINS      ; ON             ; AUTO_CARRY                                            ;
; IGNORE_CARRY_BUFFERS   ; OFF            ; IGNORE_CARRY                                          ;
; AUTO_CASCADE_CHAINS    ; ON             ; AUTO_CASCADE                                          ;
; IGNORE_CASCADE_BUFFERS ; OFF            ; IGNORE_CASCADE                                        ;
+------------------------+----------------+-------------------------------------------------------+
Note: In order to hide this table in the UI and the text report file, please set the "Show Parameter Settings in Synthesis Report" option in "Analysis and Synthesis Settings -> More Settings" to "Off".


+-------------------------------------------------------------------------------------------------+
; Parameter Settings for Inferred Entity Instance: gettempnumber:my_gettempnumber|lpm_divide:Mod1 ;
+------------------------+----------------+-------------------------------------------------------+
; Parameter Name         ; Value          ; Type                                                  ;
+------------------------+----------------+-------------------------------------------------------+
; LPM_WIDTHN             ; 10             ; Untyped                                               ;
; LPM_WIDTHD             ; 4              ; Untyped                                               ;
; LPM_NREPRESENTATION    ; UNSIGNED       ; Untyped                                               ;
; LPM_DREPRESENTATION    ; UNSIGNED       ; Untyped                                               ;
; LPM_PIPELINE           ; 0              ; Untyped                                               ;
; LPM_REMAINDERPOSITIVE  ; TRUE           ; Untyped                                               ;
; MAXIMIZE_SPEED         ; 5              ; Untyped                                               ;
; CBXI_PARAMETER         ; lpm_divide_m9m ; Untyped                                               ;
; CARRY_CHAIN            ; MANUAL         ; Untyped                                               ;
; OPTIMIZE_FOR_SPEED     ; 5              ; Untyped                                               ;
; AUTO_CARRY_CHAINS      ; ON             ; AUTO_CARRY                                            ;
; IGNORE_CARRY_BUFFERS   ; OFF            ; IGNORE_CARRY                                          ;
; AUTO_CASCADE_CHAINS    ; ON             ; AUTO_CASCADE                                          ;
; IGNORE_CASCADE_BUFFERS ; OFF            ; IGNORE_CASCADE                                        ;
+------------------------+----------------+-------------------------------------------------------+
Note: In order to hide this table in the UI and the text report file, please set the "Show Parameter Settings in Synthesis Report" option in "Analysis and Synthesis Settings -> More Settings" to "Off".


+-------------------------------------------------------------------------------------------------+
; Parameter Settings for Inferred Entity Instance: gettempnumber:my_gettempnumber|lpm_divide:Mod2 ;
+------------------------+----------------+-------------------------------------------------------+
; Parameter Name         ; Value          ; Type                                                  ;
+------------------------+----------------+-------------------------------------------------------+
; LPM_WIDTHN             ; 10             ; Untyped                                               ;
; LPM_WIDTHD             ; 4              ; Untyped                                               ;
; LPM_NREPRESENTATION    ; UNSIGNED       ; Untyped                                               ;
; LPM_DREPRESENTATION    ; UNSIGNED       ; Untyped                                               ;
; LPM_PIPELINE           ; 0              ; Untyped                                               ;
; LPM_REMAINDERPOSITIVE  ; TRUE           ; Untyped                                               ;
; MAXIMIZE_SPEED         ; 5              ; Untyped                                               ;
; CBXI_PARAMETER         ; lpm_divide_m9m ; Untyped                                               ;
; CARRY_CHAIN            ; MANUAL         ; Untyped                                               ;
; OPTIMIZE_FOR_SPEED     ; 5              ; Untyped                                               ;
; AUTO_CARRY_CHAINS      ; ON             ; AUTO_CARRY                                            ;
; IGNORE_CARRY_BUFFERS   ; OFF            ; IGNORE_CARRY                                          ;
; AUTO_CASCADE_CHAINS    ; ON             ; AUTO_CASCADE                                          ;
; IGNORE_CASCADE_BUFFERS ; OFF            ; IGNORE_CASCADE                                        ;
+------------------------+----------------+-------------------------------------------------------+
Note: In order to hide this table in the UI and the text report file, please set the "Show Parameter Settings in Synthesis Report" option in "Analysis and Synthesis Settings -> More Settings" to "Off".


+------------------------------------------------------------------------------------------------------------------------------------------------------------------------------------------------------------+
; Port Connectivity Checks: "numbertranslator:my_numbertranslator"                                                                                                                                           ;
+------+-------+----------+----------------------------------------------------------------------------------------------------------------------------------------------------------------------------------+
; Port ; Type  ; Severity ; Details                                                                                                                                                                          ;
+------+-------+----------+----------------------------------------------------------------------------------------------------------------------------------------------------------------------------------+
; in   ; Input ; Warning  ; Input port expression (5 bits) is wider than the input port (4 bits) it drives.  The 1 most-significant bit(s) in the expression will be dangling if they have no other fanouts. ;
+------+-------+----------+----------------------------------------------------------------------------------------------------------------------------------------------------------------------------------+


+-------------------------------------------------------------------------------------------------------------------------+
; Port Connectivity Checks: "gettempnumber:my_gettempnumber"                                                              ;
+---------------+--------+----------+-------------------------------------------------------------------------------------+
; Port          ; Type   ; Severity ; Details                                                                             ;
+---------------+--------+----------+-------------------------------------------------------------------------------------+
; tempnumber[4] ; Output ; Info     ; Connected to dangling logic. Logic that only feeds a dangling port will be removed. ;
+---------------+--------+----------+-------------------------------------------------------------------------------------+


+-------------------------------+
; Elapsed Time Per Partition    ;
+----------------+--------------+
; Partition Name ; Elapsed Time ;
+----------------+--------------+
; Top            ; 00:00:01     ;
+----------------+--------------+


+-------------------------------+
; Analysis & Synthesis Messages ;
+-------------------------------+
Info: *******************************************************************
Info: Running Quartus II 64-Bit Analysis & Synthesis
    Info: Version 13.0.0 Build 156 04/24/2013 SJ Full Version
    Info: Processing started: Fri Dec 17 11:51:57 2021
Info: Command: quartus_map --read_settings_files=on --write_settings_files=off eda2 -c eda2
Info (11104): Parallel Compilation has detected 12 hyper-threaded processors. However, the extra hyper-threaded processors will not be used by default. Parallel Compilation will use 6 of the 6 physical processors detected instead.
Info (12021): Found 9 design units, including 9 entities, in source file eda2.v
    Info (12023): Found entity 1: debounce
    Info (12023): Found entity 2: clock
    Info (12023): Found entity 3: numbertranslator
    Info (12023): Found entity 4: gettempnumber
    Info (12023): Found entity 5: segtranslator
    Info (12023): Found entity 6: counter
    Info (12023): Found entity 7: FSM
    Info (12023): Found entity 8: calculator
    Info (12023): Found entity 9: eda2
Info (12127): Elaborating entity "eda2" for the top level hierarchy
Info (12128): Elaborating entity "debounce" for hierarchy "debounce:in_5c"
Warning (10230): Verilog HDL assignment warning at eda2.v(40): truncated value with size 32 to match size of target (8)
Info (12128): Elaborating entity "clock" for hierarchy "clock:my_clock"
Warning (10230): Verilog HDL assignment warning at eda2.v(58): truncated value with size 32 to match size of target (31)
Info (12128): Elaborating entity "FSM" for hierarchy "FSM:my_FSM"
Info (12128): Elaborating entity "calculator" for hierarchy "calculator:my_calculator"
Warning (10230): Verilog HDL assignment warning at eda2.v(301): truncated value with size 32 to match size of target (10)
Warning (10230): Verilog HDL assignment warning at eda2.v(306): truncated value with size 32 to match size of target (10)
Warning (10230): Verilog HDL assignment warning at eda2.v(311): truncated value with size 32 to match size of target (10)
Warning (10230): Verilog HDL assignment warning at eda2.v(317): truncated value with size 32 to match size of target (10)
Warning (10230): Verilog HDL assignment warning at eda2.v(326): truncated value with size 32 to match size of target (10)
Warning (10230): Verilog HDL assignment warning at eda2.v(333): truncated value with size 32 to match size of target (9)
Info (12128): Elaborating entity "counter" for hierarchy "counter:my_counter"
Warning (10230): Verilog HDL assignment warning at eda2.v(150): truncated value with size 32 to match size of target (2)
Info (12128): Elaborating entity "segtranslator" for hierarchy "segtranslator:my_segtranslator"
Info (12128): Elaborating entity "gettempnumber" for hierarchy "gettempnumber:my_gettempnumber"
Warning (10230): Verilog HDL assignment warning at eda2.v(108): truncated value with size 32 to match size of target (5)
Warning (10230): Verilog HDL assignment warning at eda2.v(109): truncated value with size 32 to match size of target (5)
Warning (10230): Verilog HDL assignment warning at eda2.v(110): truncated value with size 32 to match size of target (5)
Info (12128): Elaborating entity "numbertranslator" for hierarchy "numbertranslator:my_numbertranslator"
Info (278001): Inferred 5 megafunctions from design logic
    Info (278004): Inferred divider/modulo megafunction ("lpm_divide") from the following logic: "gettempnumber:my_gettempnumber|Div0"
    Info (278004): Inferred divider/modulo megafunction ("lpm_divide") from the following logic: "gettempnumber:my_gettempnumber|Mod0"
    Info (278004): Inferred divider/modulo megafunction ("lpm_divide") from the following logic: "gettempnumber:my_gettempnumber|Div1"
    Info (278004): Inferred divider/modulo megafunction ("lpm_divide") from the following logic: "gettempnumber:my_gettempnumber|Mod1"
    Info (278004): Inferred divider/modulo megafunction ("lpm_divide") from the following logic: "gettempnumber:my_gettempnumber|Mod2"
Info (12130): Elaborated megafunction instantiation "gettempnumber:my_gettempnumber|lpm_divide:Div0"
Info (12133): Instantiated megafunction "gettempnumber:my_gettempnumber|lpm_divide:Div0" with the following parameter:
    Info (12134): Parameter "LPM_WIDTHN" = "10"
    Info (12134): Parameter "LPM_WIDTHD" = "7"
    Info (12134): Parameter "LPM_NREPRESENTATION" = "UNSIGNED"
    Info (12134): Parameter "LPM_DREPRESENTATION" = "UNSIGNED"
Info (12021): Found 1 design units, including 1 entities, in source file db/lpm_divide_mhm.tdf
    Info (12023): Found entity 1: lpm_divide_mhm
Info (12021): Found 1 design units, including 1 entities, in source file db/sign_div_unsign_nlh.tdf
    Info (12023): Found entity 1: sign_div_unsign_nlh
Info (12021): Found 1 design units, including 1 entities, in source file db/alt_u_div_p5f.tdf
    Info (12023): Found entity 1: alt_u_div_p5f
Info (12021): Found 1 design units, including 1 entities, in source file db/add_sub_unc.tdf
    Info (12023): Found entity 1: add_sub_unc
Info (12021): Found 1 design units, including 1 entities, in source file db/add_sub_vnc.tdf
    Info (12023): Found entity 1: add_sub_vnc
Info (12130): Elaborated megafunction instantiation "gettempnumber:my_gettempnumber|lpm_divide:Mod0"
Info (12133): Instantiated megafunction "gettempnumber:my_gettempnumber|lpm_divide:Mod0" with the following parameter:
    Info (12134): Parameter "LPM_WIDTHN" = "10"
    Info (12134): Parameter "LPM_WIDTHD" = "4"
    Info (12134): Parameter "LPM_NREPRESENTATION" = "UNSIGNED"
    Info (12134): Parameter "LPM_DREPRESENTATION" = "UNSIGNED"
Info (12021): Found 1 design units, including 1 entities, in source file db/lpm_divide_m9m.tdf
    Info (12023): Found entity 1: lpm_divide_m9m
Info (12021): Found 1 design units, including 1 entities, in source file db/sign_div_unsign_klh.tdf
    Info (12023): Found entity 1: sign_div_unsign_klh
Info (12021): Found 1 design units, including 1 entities, in source file db/alt_u_div_j5f.tdf
    Info (12023): Found entity 1: alt_u_div_j5f
Info (12130): Elaborated megafunction instantiation "gettempnumber:my_gettempnumber|lpm_divide:Div1"
Info (12133): Instantiated megafunction "gettempnumber:my_gettempnumber|lpm_divide:Div1" with the following parameter:
    Info (12134): Parameter "LPM_WIDTHN" = "10"
    Info (12134): Parameter "LPM_WIDTHD" = "4"
    Info (12134): Parameter "LPM_NREPRESENTATION" = "UNSIGNED"
    Info (12134): Parameter "LPM_DREPRESENTATION" = "UNSIGNED"
Info (12021): Found 1 design units, including 1 entities, in source file db/lpm_divide_jhm.tdf
    Info (12023): Found entity 1: lpm_divide_jhm
Warning (12241): 1 hierarchies have connectivity warnings - see the Connectivity Checks report folder
Info (13000): Registers with preset signals will power-up high
Info (13003): DEV_CLRn pin will set, and not reset, register with preset signal due to NOT Gate Push-Back
Warning (13004): Presettable and clearable registers converted to equivalent circuits with latches. Registers power-up to an undefined state, and DEVCLRn places the registers in an undefined state.
    Warning (13310): Register "debounce:in_10c|out" is converted into an equivalent circuit using register "debounce:in_10c|out~_emulated" and latch "debounce:in_10c|out~1"
    Warning (13310): Register "debounce:in_5c|out" is converted into an equivalent circuit using register "debounce:in_5c|out~_emulated" and latch "debounce:in_5c|out~1"
    Warning (13310): Register "debounce:in_50c|out" is converted into an equivalent circuit using register "debounce:in_50c|out~_emulated" and latch "debounce:in_50c|out~1"
    Warning (13310): Register "debounce:out_15c|out" is converted into an equivalent circuit using register "debounce:out_15c|out~_emulated" and latch "debounce:out_15c|out~1"
    Warning (13310): Register "debounce:out_25c|out" is converted into an equivalent circuit using register "debounce:out_25c|out~_emulated" and latch "debounce:out_25c|out~1"
    Warning (13310): Register "debounce:in_10c|last" is converted into an equivalent circuit using register "debounce:in_10c|last~_emulated" and latch "debounce:in_10c|out~1"
    Warning (13310): Register "debounce:in_5c|last" is converted into an equivalent circuit using register "debounce:in_5c|last~_emulated" and latch "debounce:in_5c|out~1"
    Warning (13310): Register "debounce:in_50c|last" is converted into an equivalent circuit using register "debounce:in_50c|last~_emulated" and latch "debounce:in_50c|out~1"
    Warning (13310): Register "debounce:out_15c|last" is converted into an equivalent circuit using register "debounce:out_15c|last~_emulated" and latch "debounce:out_15c|out~1"
    Warning (13310): Register "debounce:out_25c|last" is converted into an equivalent circuit using register "debounce:out_25c|last~_emulated" and latch "debounce:out_25c|out~1"
Warning (13024): Output pins are stuck at VCC or GND
    Warning (13410): Pin "segout[0]" is stuck at VCC
    Warning (13410): Pin "segout[1]" is stuck at VCC
    Warning (13410): Pin "segout[2]" is stuck at VCC
Critical Warning (18061): Ignored Power-Up Level option on the following registers
    Critical Warning (18010): Register calculator:my_calculator|clear will power up to High
Info (286030): Timing-Driven Synthesis is running
Info (17049): 18 registers lost all their fanouts during netlist optimizations.
Info (17016): Found the following redundant logic cells in design
    Info (17048): Logic cell "gettempnumber:my_gettempnumber|lpm_divide:Mod1|lpm_divide_m9m:auto_generated|sign_div_unsign_klh:divider|alt_u_div_j5f:divider|add_sub_6_result_int[0]~10"
    Info (17048): Logic cell "gettempnumber:my_gettempnumber|lpm_divide:Mod1|lpm_divide_m9m:auto_generated|sign_div_unsign_klh:divider|alt_u_div_j5f:divider|add_sub_7_result_int[0]~10"
    Info (17048): Logic cell "gettempnumber:my_gettempnumber|lpm_divide:Mod1|lpm_divide_m9m:auto_generated|sign_div_unsign_klh:divider|alt_u_div_j5f:divider|add_sub_8_result_int[0]~10"
    Info (17048): Logic cell "gettempnumber:my_gettempnumber|lpm_divide:Mod0|lpm_divide_m9m:auto_generated|sign_div_unsign_klh:divider|alt_u_div_j5f:divider|add_sub_9_result_int[0]~0"
    Info (17048): Logic cell "gettempnumber:my_gettempnumber|lpm_divide:Mod1|lpm_divide_m9m:auto_generated|sign_div_unsign_klh:divider|alt_u_div_j5f:divider|add_sub_9_result_int[0]~10"
Info (144001): Generated suppressed messages file C:/Users/Xsu1023/Desktop/eda2_/output_files/eda2.map.smsg
Info (16010): Generating hard_block partition "hard_block:auto_generated_inst"
    Info (16011): Adding 0 node(s), including 0 DDIO, 0 PLL, 0 transceiver and 0 LCELL
Info (21057): Implemented 600 device resources after synthesis - the final resource count might be different
    Info (21058): Implemented 7 input pins
    Info (21059): Implemented 16 output pins
    Info (21061): Implemented 577 logic cells
Info: Quartus II 64-Bit Analysis & Synthesis was successful. 0 errors, 30 warnings
    Info: Peak virtual memory: 4630 megabytes
    Info: Processing ended: Fri Dec 17 11:52:00 2021
    Info: Elapsed time: 00:00:03
    Info: Total CPU time (on all processors): 00:00:02


+------------------------------------------+
; Analysis & Synthesis Suppressed Messages ;
+------------------------------------------+
The suppressed messages can be found in C:/Users/Xsu1023/Desktop/eda2_/output_files/eda2.map.smsg.


